11-May-2022 15:45:21.906 정보 [main] org.apache.catalina.startup.VersionLoggerListener.log 서버 버전 이름:        Apache Tomcat/9.0.31
11-May-2022 15:45:21.910 정보 [main] org.apache.catalina.startup.VersionLoggerListener.log Server 빌드 시각:          Feb 5 2020 19:32:12 UTC
11-May-2022 15:45:21.910 정보 [main] org.apache.catalina.startup.VersionLoggerListener.log Server 버전 번호:         9.0.31.0
11-May-2022 15:45:21.910 정보 [main] org.apache.catalina.startup.VersionLoggerListener.log 운영체제 이름:               Windows 10
11-May-2022 15:45:21.910 정보 [main] org.apache.catalina.startup.VersionLoggerListener.log 운영체제 버전:            10.0
11-May-2022 15:45:21.910 정보 [main] org.apache.catalina.startup.VersionLoggerListener.log 아키텍처:          amd64
11-May-2022 15:45:21.910 정보 [main] org.apache.catalina.startup.VersionLoggerListener.log 자바 홈:             C:\Program Files\Java\jdk1.8.0_231\jre
11-May-2022 15:45:21.910 정보 [main] org.apache.catalina.startup.VersionLoggerListener.log JVM 버전:           1.8.0_231-b11
11-May-2022 15:45:21.910 정보 [main] org.apache.catalina.startup.VersionLoggerListener.log JVM 벤더:            Oracle Corporation
11-May-2022 15:45:21.910 정보 [main] org.apache.catalina.startup.VersionLoggerListener.log CATALINA_BASE:         C:\eGovFrameDev-3.10.0-64bit\apache-tomcat-9.0.31
11-May-2022 15:45:21.910 정보 [main] org.apache.catalina.startup.VersionLoggerListener.log CATALINA_HOME:         C:\eGovFrameDev-3.10.0-64bit\apache-tomcat-9.0.31
11-May-2022 15:45:21.912 정보 [main] org.apache.catalina.startup.VersionLoggerListener.log 명령 행 아규먼트: -Djava.util.logging.config.file=C:/eGovFrameDev-3.10.0-64bit/apache-tomcat-9.0.31/conf/logging.properties
11-May-2022 15:45:21.912 정보 [main] org.apache.catalina.startup.VersionLoggerListener.log 명령 행 아규먼트: -Djava.util.logging.manager=org.apache.juli.ClassLoaderLogManager
11-May-2022 15:45:21.912 정보 [main] org.apache.catalina.startup.VersionLoggerListener.log 명령 행 아규먼트: -Djdk.tls.ephemeralDHKeySize=2048
11-May-2022 15:45:21.912 정보 [main] org.apache.catalina.startup.VersionLoggerListener.log 명령 행 아규먼트: -Djava.protocol.handler.pkgs=org.apache.catalina.webresources
11-May-2022 15:45:21.912 정보 [main] org.apache.catalina.startup.VersionLoggerListener.log 명령 행 아규먼트: -Dorg.apache.catalina.security.SecurityListener.UMASK=0027
11-May-2022 15:45:21.912 정보 [main] org.apache.catalina.startup.VersionLoggerListener.log 명령 행 아규먼트: -Dignore.endorsed.dirs=
11-May-2022 15:45:21.912 정보 [main] org.apache.catalina.startup.VersionLoggerListener.log 명령 행 아규먼트: -Dcatalina.base=C:/eGovFrameDev-3.10.0-64bit/apache-tomcat-9.0.31
11-May-2022 15:45:21.912 정보 [main] org.apache.catalina.startup.VersionLoggerListener.log 명령 행 아규먼트: -Dcatalina.home=C:/eGovFrameDev-3.10.0-64bit/apache-tomcat-9.0.31
11-May-2022 15:45:21.913 정보 [main] org.apache.catalina.startup.VersionLoggerListener.log 명령 행 아규먼트: -Djava.io.tmpdir=C:/eGovFrameDev-3.10.0-64bit/apache-tomcat-9.0.31/temp
11-May-2022 15:45:21.913 정보 [main] org.apache.catalina.core.AprLifecycleListener.lifecycleEvent APR 버전 [1.7.0]을(를) 사용한, APR 기반 Apache Tomcat Native 라이브러리 [1.2.23]을(를) 로드했습니다.
11-May-2022 15:45:21.913 정보 [main] org.apache.catalina.core.AprLifecycleListener.lifecycleEvent APR 용량정보들: IPv6 [true], sendfile [true], accept filters [false], random [true].
11-May-2022 15:45:21.913 정보 [main] org.apache.catalina.core.AprLifecycleListener.lifecycleEvent APR/OpenSSL 설정: useAprConnector [false], useOpenSSL [true]
11-May-2022 15:45:21.932 정보 [main] org.apache.catalina.core.AprLifecycleListener.initializeSSL OpenSSL이 성공적으로 초기화되었습니다: [OpenSSL 1.1.1c  28 May 2019]
11-May-2022 15:45:22.146 정보 [main] org.apache.coyote.AbstractProtocol.init 프로토콜 핸들러 ["http-nio-8080"]을(를) 초기화합니다.
11-May-2022 15:45:22.274 정보 [main] org.apache.catalina.startup.Catalina.load [548] 밀리초 내에 서버가 초기화되었습니다.
11-May-2022 15:45:22.299 정보 [main] org.apache.catalina.core.StandardService.startInternal 서비스 [Catalina]을(를) 시작합니다.
11-May-2022 15:45:22.299 정보 [main] org.apache.catalina.core.StandardEngine.startInternal 서버 엔진을 시작합니다: [Apache Tomcat/9.0.31]
11-May-2022 15:45:22.304 정보 [main] org.apache.catalina.startup.HostConfig.deployDirectory 웹 애플리케이션 디렉토리 [C:\eGovFrameDev-3.10.0-64bit\apache-tomcat-9.0.31\webapps\docs]을(를) 배치합니다.
11-May-2022 15:45:22.499 정보 [main] org.apache.catalina.startup.HostConfig.deployDirectory 웹 애플리케이션 디렉토리 [C:\eGovFrameDev-3.10.0-64bit\apache-tomcat-9.0.31\webapps\docs]에 대한 배치가 [195] 밀리초에 완료되었습니다.
11-May-2022 15:45:22.499 정보 [main] org.apache.catalina.startup.HostConfig.deployDirectory 웹 애플리케이션 디렉토리 [C:\eGovFrameDev-3.10.0-64bit\apache-tomcat-9.0.31\webapps\examples]을(를) 배치합니다.
11-May-2022 15:45:22.915 정보 [main] org.apache.catalina.startup.HostConfig.deployDirectory 웹 애플리케이션 디렉토리 [C:\eGovFrameDev-3.10.0-64bit\apache-tomcat-9.0.31\webapps\examples]에 대한 배치가 [416] 밀리초에 완료되었습니다.
11-May-2022 15:45:22.915 정보 [main] org.apache.catalina.startup.HostConfig.deployDirectory 웹 애플리케이션 디렉토리 [C:\eGovFrameDev-3.10.0-64bit\apache-tomcat-9.0.31\webapps\host-manager]을(를) 배치합니다.
11-May-2022 15:45:22.943 정보 [main] org.apache.catalina.startup.HostConfig.deployDirectory 웹 애플리케이션 디렉토리 [C:\eGovFrameDev-3.10.0-64bit\apache-tomcat-9.0.31\webapps\host-manager]에 대한 배치가 [27] 밀리초에 완료되었습니다.
11-May-2022 15:45:22.943 정보 [main] org.apache.catalina.startup.HostConfig.deployDirectory 웹 애플리케이션 디렉토리 [C:\eGovFrameDev-3.10.0-64bit\apache-tomcat-9.0.31\webapps\manager]을(를) 배치합니다.
11-May-2022 15:45:22.967 정보 [main] org.apache.catalina.startup.HostConfig.deployDirectory 웹 애플리케이션 디렉토리 [C:\eGovFrameDev-3.10.0-64bit\apache-tomcat-9.0.31\webapps\manager]에 대한 배치가 [23] 밀리초에 완료되었습니다.
11-May-2022 15:45:22.967 정보 [main] org.apache.catalina.startup.HostConfig.deployDirectory 웹 애플리케이션 디렉토리 [C:\eGovFrameDev-3.10.0-64bit\apache-tomcat-9.0.31\webapps\ROOT]을(를) 배치합니다.
11-May-2022 15:45:22.984 정보 [main] org.apache.catalina.startup.HostConfig.deployDirectory 웹 애플리케이션 디렉토리 [C:\eGovFrameDev-3.10.0-64bit\apache-tomcat-9.0.31\webapps\ROOT]에 대한 배치가 [17] 밀리초에 완료되었습니다.
11-May-2022 15:45:22.987 정보 [main] org.apache.coyote.AbstractProtocol.start 프로토콜 핸들러 ["http-nio-8080"]을(를) 시작합니다.
11-May-2022 15:45:22.992 정보 [main] org.apache.catalina.startup.Catalina.start 서버가 [717] 밀리초 내에 시작되었습니다.
11-May-2022 15:45:36.632 정보 [main] org.apache.catalina.core.StandardServer.await 셧다운 포트를 통해 유효한 셧다운 명령을 받았습니다. 서버 인스턴스를 중지시킵니다.
11-May-2022 15:45:36.632 정보 [main] org.apache.coyote.AbstractProtocol.pause 프로토콜 핸들러 ["http-nio-8080"]을(를) 일시 정지 중
11-May-2022 15:45:36.755 정보 [main] org.apache.catalina.core.StandardService.stopInternal 서비스 [Catalina]을(를) 중지시킵니다.
11-May-2022 15:45:36.784 정보 [main] org.apache.coyote.AbstractProtocol.stop 프로토콜 핸들러 ["http-nio-8080"]을(를) 중지시킵니다.
11-May-2022 15:45:36.786 정보 [main] org.apache.coyote.AbstractProtocol.destroy 프로토콜 핸들러 ["http-nio-8080"]을(를) 소멸시킵니다.
