11-May-2022 15:45:21.906 정보 [main] org.apache.catalina.startup.VersionLoggerListener.log 서버 버전 이름:        Apache Tomcat/9.0.31
11-May-2022 15:45:21.910 정보 [main] org.apache.catalina.startup.VersionLoggerListener.log Server 빌드 시각:          Feb 5 2020 19:32:12 UTC
11-May-2022 15:45:21.910 정보 [main] org.apache.catalina.startup.VersionLoggerListener.log Server 버전 번호:         9.0.31.0
11-May-2022 15:45:21.910 정보 [main] org.apache.catalina.startup.VersionLoggerListener.log 운영체제 이름:               Windows 10
11-May-2022 15:45:21.910 정보 [main] org.apache.catalina.startup.VersionLoggerListener.log 운영체제 버전:            10.0
11-May-2022 15:45:21.910 정보 [main] org.apache.catalina.startup.VersionLoggerListener.log 아키텍처:          amd64
11-May-2022 15:45:21.910 정보 [main] org.apache.catalina.startup.VersionLoggerListener.log 자바 홈:             C:\Program Files\Java\jdk1.8.0_231\jre
11-May-2022 15:45:21.910 정보 [main] org.apache.catalina.startup.VersionLoggerListener.log JVM 버전:           1.8.0_231-b11
11-May-2022 15:45:21.910 정보 [main] org.apache.catalina.startup.VersionLoggerListener.log JVM 벤더:            Oracle Corporation
11-May-2022 15:45:21.910 정보 [main] org.apache.catalina.startup.VersionLoggerListener.log CATALINA_BASE:         C:\eGovFrameDev-3.10.0-64bit\apache-tomcat-9.0.31
11-May-2022 15:45:21.910 정보 [main] org.apache.catalina.startup.VersionLoggerListener.log CATALINA_HOME:         C:\eGovFrameDev-3.10.0-64bit\apache-tomcat-9.0.31
11-May-2022 15:45:21.912 정보 [main] org.apache.catalina.startup.VersionLoggerListener.log 명령 행 아규먼트: -Djava.util.logging.config.file=C:/eGovFrameDev-3.10.0-64bit/apache-tomcat-9.0.31/conf/logging.properties
11-May-2022 15:45:21.912 정보 [main] org.apache.catalina.startup.VersionLoggerListener.log 명령 행 아규먼트: -Djava.util.logging.manager=org.apache.juli.ClassLoaderLogManager
11-May-2022 15:45:21.912 정보 [main] org.apache.catalina.startup.VersionLoggerListener.log 명령 행 아규먼트: -Djdk.tls.ephemeralDHKeySize=2048
11-May-2022 15:45:21.912 정보 [main] org.apache.catalina.startup.VersionLoggerListener.log 명령 행 아규먼트: -Djava.protocol.handler.pkgs=org.apache.catalina.webresources
11-May-2022 15:45:21.912 정보 [main] org.apache.catalina.startup.VersionLoggerListener.log 명령 행 아규먼트: -Dorg.apache.catalina.security.SecurityListener.UMASK=0027
11-May-2022 15:45:21.912 정보 [main] org.apache.catalina.startup.VersionLoggerListener.log 명령 행 아규먼트: -Dignore.endorsed.dirs=
11-May-2022 15:45:21.912 정보 [main] org.apache.catalina.startup.VersionLoggerListener.log 명령 행 아규먼트: -Dcatalina.base=C:/eGovFrameDev-3.10.0-64bit/apache-tomcat-9.0.31
11-May-2022 15:45:21.912 정보 [main] org.apache.catalina.startup.VersionLoggerListener.log 명령 행 아규먼트: -Dcatalina.home=C:/eGovFrameDev-3.10.0-64bit/apache-tomcat-9.0.31
11-May-2022 15:45:21.913 정보 [main] org.apache.catalina.startup.VersionLoggerListener.log 명령 행 아규먼트: -Djava.io.tmpdir=C:/eGovFrameDev-3.10.0-64bit/apache-tomcat-9.0.31/temp
11-May-2022 15:45:21.913 정보 [main] org.apache.catalina.core.AprLifecycleListener.lifecycleEvent APR 버전 [1.7.0]을(를) 사용한, APR 기반 Apache Tomcat Native 라이브러리 [1.2.23]을(를) 로드했습니다.
11-May-2022 15:45:21.913 정보 [main] org.apache.catalina.core.AprLifecycleListener.lifecycleEvent APR 용량정보들: IPv6 [true], sendfile [true], accept filters [false], random [true].
11-May-2022 15:45:21.913 정보 [main] org.apache.catalina.core.AprLifecycleListener.lifecycleEvent APR/OpenSSL 설정: useAprConnector [false], useOpenSSL [true]
11-May-2022 15:45:21.932 정보 [main] org.apache.catalina.core.AprLifecycleListener.initializeSSL OpenSSL이 성공적으로 초기화되었습니다: [OpenSSL 1.1.1c  28 May 2019]
11-May-2022 15:45:22.146 정보 [main] org.apache.coyote.AbstractProtocol.init 프로토콜 핸들러 ["http-nio-8080"]을(를) 초기화합니다.
11-May-2022 15:45:22.274 정보 [main] org.apache.catalina.startup.Catalina.load [548] 밀리초 내에 서버가 초기화되었습니다.
11-May-2022 15:45:22.299 정보 [main] org.apache.catalina.core.StandardService.startInternal 서비스 [Catalina]을(를) 시작합니다.
11-May-2022 15:45:22.299 정보 [main] org.apache.catalina.core.StandardEngine.startInternal 서버 엔진을 시작합니다: [Apache Tomcat/9.0.31]
11-May-2022 15:45:22.304 정보 [main] org.apache.catalina.startup.HostConfig.deployDirectory 웹 애플리케이션 디렉토리 [C:\eGovFrameDev-3.10.0-64bit\apache-tomcat-9.0.31\webapps\docs]을(를) 배치합니다.
11-May-2022 15:45:22.499 정보 [main] org.apache.catalina.startup.HostConfig.deployDirectory 웹 애플리케이션 디렉토리 [C:\eGovFrameDev-3.10.0-64bit\apache-tomcat-9.0.31\webapps\docs]에 대한 배치가 [195] 밀리초에 완료되었습니다.
11-May-2022 15:45:22.499 정보 [main] org.apache.catalina.startup.HostConfig.deployDirectory 웹 애플리케이션 디렉토리 [C:\eGovFrameDev-3.10.0-64bit\apache-tomcat-9.0.31\webapps\examples]을(를) 배치합니다.
11-May-2022 15:45:22.915 정보 [main] org.apache.catalina.startup.HostConfig.deployDirectory 웹 애플리케이션 디렉토리 [C:\eGovFrameDev-3.10.0-64bit\apache-tomcat-9.0.31\webapps\examples]에 대한 배치가 [416] 밀리초에 완료되었습니다.
11-May-2022 15:45:22.915 정보 [main] org.apache.catalina.startup.HostConfig.deployDirectory 웹 애플리케이션 디렉토리 [C:\eGovFrameDev-3.10.0-64bit\apache-tomcat-9.0.31\webapps\host-manager]을(를) 배치합니다.
11-May-2022 15:45:22.943 정보 [main] org.apache.catalina.startup.HostConfig.deployDirectory 웹 애플리케이션 디렉토리 [C:\eGovFrameDev-3.10.0-64bit\apache-tomcat-9.0.31\webapps\host-manager]에 대한 배치가 [27] 밀리초에 완료되었습니다.
11-May-2022 15:45:22.943 정보 [main] org.apache.catalina.startup.HostConfig.deployDirectory 웹 애플리케이션 디렉토리 [C:\eGovFrameDev-3.10.0-64bit\apache-tomcat-9.0.31\webapps\manager]을(를) 배치합니다.
11-May-2022 15:45:22.967 정보 [main] org.apache.catalina.startup.HostConfig.deployDirectory 웹 애플리케이션 디렉토리 [C:\eGovFrameDev-3.10.0-64bit\apache-tomcat-9.0.31\webapps\manager]에 대한 배치가 [23] 밀리초에 완료되었습니다.
11-May-2022 15:45:22.967 정보 [main] org.apache.catalina.startup.HostConfig.deployDirectory 웹 애플리케이션 디렉토리 [C:\eGovFrameDev-3.10.0-64bit\apache-tomcat-9.0.31\webapps\ROOT]을(를) 배치합니다.
11-May-2022 15:45:22.984 정보 [main] org.apache.catalina.startup.HostConfig.deployDirectory 웹 애플리케이션 디렉토리 [C:\eGovFrameDev-3.10.0-64bit\apache-tomcat-9.0.31\webapps\ROOT]에 대한 배치가 [17] 밀리초에 완료되었습니다.
11-May-2022 15:45:22.987 정보 [main] org.apache.coyote.AbstractProtocol.start 프로토콜 핸들러 ["http-nio-8080"]을(를) 시작합니다.
11-May-2022 15:45:22.992 정보 [main] org.apache.catalina.startup.Catalina.start 서버가 [717] 밀리초 내에 시작되었습니다.
11-May-2022 15:45:26.002 정보 [main] org.apache.catalina.startup.VersionLoggerListener.log 서버 버전 이름:        Apache Tomcat/9.0.31
11-May-2022 15:45:26.005 정보 [main] org.apache.catalina.startup.VersionLoggerListener.log Server 빌드 시각:          Feb 5 2020 19:32:12 UTC
11-May-2022 15:45:26.005 정보 [main] org.apache.catalina.startup.VersionLoggerListener.log Server 버전 번호:         9.0.31.0
11-May-2022 15:45:26.005 정보 [main] org.apache.catalina.startup.VersionLoggerListener.log 운영체제 이름:               Windows 10
11-May-2022 15:45:26.005 정보 [main] org.apache.catalina.startup.VersionLoggerListener.log 운영체제 버전:            10.0
11-May-2022 15:45:26.006 정보 [main] org.apache.catalina.startup.VersionLoggerListener.log 아키텍처:          amd64
11-May-2022 15:45:26.006 정보 [main] org.apache.catalina.startup.VersionLoggerListener.log 자바 홈:             C:\Program Files\Java\jdk1.8.0_231\jre
11-May-2022 15:45:26.006 정보 [main] org.apache.catalina.startup.VersionLoggerListener.log JVM 버전:           1.8.0_231-b11
11-May-2022 15:45:26.006 정보 [main] org.apache.catalina.startup.VersionLoggerListener.log JVM 벤더:            Oracle Corporation
11-May-2022 15:45:26.006 정보 [main] org.apache.catalina.startup.VersionLoggerListener.log CATALINA_BASE:         C:\eGovFrameDev-3.10.0-64bit\apache-tomcat-9.0.31
11-May-2022 15:45:26.006 정보 [main] org.apache.catalina.startup.VersionLoggerListener.log CATALINA_HOME:         C:\eGovFrameDev-3.10.0-64bit\apache-tomcat-9.0.31
11-May-2022 15:45:26.007 정보 [main] org.apache.catalina.startup.VersionLoggerListener.log 명령 행 아규먼트: -Djava.util.logging.config.file=C:\eGovFrameDev-3.10.0-64bit\apache-tomcat-9.0.31\conf\logging.properties
11-May-2022 15:45:26.007 정보 [main] org.apache.catalina.startup.VersionLoggerListener.log 명령 행 아규먼트: -Djava.util.logging.manager=org.apache.juli.ClassLoaderLogManager
11-May-2022 15:45:26.007 정보 [main] org.apache.catalina.startup.VersionLoggerListener.log 명령 행 아규먼트: -Djdk.tls.ephemeralDHKeySize=2048
11-May-2022 15:45:26.013 정보 [main] org.apache.catalina.startup.VersionLoggerListener.log 명령 행 아규먼트: -Djava.protocol.handler.pkgs=org.apache.catalina.webresources
11-May-2022 15:45:26.016 정보 [main] org.apache.catalina.startup.VersionLoggerListener.log 명령 행 아규먼트: -Dignore.endorsed.dirs=
11-May-2022 15:45:26.016 정보 [main] org.apache.catalina.startup.VersionLoggerListener.log 명령 행 아규먼트: -Dcatalina.base=C:\eGovFrameDev-3.10.0-64bit\apache-tomcat-9.0.31
11-May-2022 15:45:26.017 정보 [main] org.apache.catalina.startup.VersionLoggerListener.log 명령 행 아규먼트: -Dcatalina.home=C:\eGovFrameDev-3.10.0-64bit\apache-tomcat-9.0.31
11-May-2022 15:45:26.017 정보 [main] org.apache.catalina.startup.VersionLoggerListener.log 명령 행 아규먼트: -Djava.io.tmpdir=C:\eGovFrameDev-3.10.0-64bit\apache-tomcat-9.0.31\temp
11-May-2022 15:45:26.017 정보 [main] org.apache.catalina.core.AprLifecycleListener.lifecycleEvent APR 버전 [1.7.0]을(를) 사용한, APR 기반 Apache Tomcat Native 라이브러리 [1.2.23]을(를) 로드했습니다.
11-May-2022 15:45:26.018 정보 [main] org.apache.catalina.core.AprLifecycleListener.lifecycleEvent APR 용량정보들: IPv6 [true], sendfile [true], accept filters [false], random [true].
11-May-2022 15:45:26.018 정보 [main] org.apache.catalina.core.AprLifecycleListener.lifecycleEvent APR/OpenSSL 설정: useAprConnector [false], useOpenSSL [true]
11-May-2022 15:45:26.023 정보 [main] org.apache.catalina.core.AprLifecycleListener.initializeSSL OpenSSL이 성공적으로 초기화되었습니다: [OpenSSL 1.1.1c  28 May 2019]
11-May-2022 15:45:26.254 정보 [main] org.apache.coyote.AbstractProtocol.init 프로토콜 핸들러 ["http-nio-8080"]을(를) 초기화합니다.
11-May-2022 15:45:26.384 심각 [main] org.apache.catalina.util.LifecycleBase.handleSubClassException 구성요소 [Connector[HTTP/1.1-8080]]을(를) 초기화하지 못했습니다.
	org.apache.catalina.LifecycleException: 프로토콜 핸들러 초기화가 실패했습니다.
		at org.apache.catalina.connector.Connector.initInternal(Connector.java:1013)
		at org.apache.catalina.util.LifecycleBase.init(LifecycleBase.java:136)
		at org.apache.catalina.core.StandardService.initInternal(StandardService.java:533)
		at org.apache.catalina.util.LifecycleBase.init(LifecycleBase.java:136)
		at org.apache.catalina.core.StandardServer.initInternal(StandardServer.java:1057)
		at org.apache.catalina.util.LifecycleBase.init(LifecycleBase.java:136)
		at org.apache.catalina.startup.Catalina.load(Catalina.java:584)
		at org.apache.catalina.startup.Catalina.load(Catalina.java:607)
		at sun.reflect.NativeMethodAccessorImpl.invoke0(Native Method)
		at sun.reflect.NativeMethodAccessorImpl.invoke(NativeMethodAccessorImpl.java:62)
		at sun.reflect.DelegatingMethodAccessorImpl.invoke(DelegatingMethodAccessorImpl.java:43)
		at java.lang.reflect.Method.invoke(Method.java:498)
		at org.apache.catalina.startup.Bootstrap.load(Bootstrap.java:303)
		at org.apache.catalina.startup.Bootstrap.main(Bootstrap.java:473)
	Caused by: java.net.BindException: Address already in use: bind
		at sun.nio.ch.Net.bind0(Native Method)
		at sun.nio.ch.Net.bind(Net.java:433)
		at sun.nio.ch.Net.bind(Net.java:425)
		at sun.nio.ch.ServerSocketChannelImpl.bind(ServerSocketChannelImpl.java:223)
		at sun.nio.ch.ServerSocketAdaptor.bind(ServerSocketAdaptor.java:74)
		at org.apache.tomcat.util.net.NioEndpoint.initServerSocket(NioEndpoint.java:229)
		at org.apache.tomcat.util.net.NioEndpoint.bind(NioEndpoint.java:212)
		at org.apache.tomcat.util.net.AbstractEndpoint.bindWithCleanup(AbstractEndpoint.java:1141)
		at org.apache.tomcat.util.net.AbstractEndpoint.init(AbstractEndpoint.java:1154)
		at org.apache.coyote.AbstractProtocol.init(AbstractProtocol.java:581)
		at org.apache.coyote.http11.AbstractHttp11Protocol.init(AbstractHttp11Protocol.java:74)
		at org.apache.catalina.connector.Connector.initInternal(Connector.java:1010)
		... 13 more
11-May-2022 15:45:26.386 정보 [main] org.apache.catalina.startup.Catalina.load [562] 밀리초 내에 서버가 초기화되었습니다.
11-May-2022 15:45:26.405 정보 [main] org.apache.catalina.core.StandardService.startInternal 서비스 [Catalina]을(를) 시작합니다.
11-May-2022 15:45:26.406 정보 [main] org.apache.catalina.core.StandardEngine.startInternal 서버 엔진을 시작합니다: [Apache Tomcat/9.0.31]
11-May-2022 15:45:26.413 정보 [main] org.apache.catalina.startup.HostConfig.deployDirectory 웹 애플리케이션 디렉토리 [C:\eGovFrameDev-3.10.0-64bit\apache-tomcat-9.0.31\webapps\docs]을(를) 배치합니다.
11-May-2022 15:45:26.576 정보 [main] org.apache.catalina.startup.HostConfig.deployDirectory 웹 애플리케이션 디렉토리 [C:\eGovFrameDev-3.10.0-64bit\apache-tomcat-9.0.31\webapps\docs]에 대한 배치가 [163] 밀리초에 완료되었습니다.
11-May-2022 15:45:26.578 정보 [main] org.apache.catalina.startup.HostConfig.deployDirectory 웹 애플리케이션 디렉토리 [C:\eGovFrameDev-3.10.0-64bit\apache-tomcat-9.0.31\webapps\examples]을(를) 배치합니다.
11-May-2022 15:45:26.852 정보 [main] org.apache.catalina.startup.HostConfig.deployDirectory 웹 애플리케이션 디렉토리 [C:\eGovFrameDev-3.10.0-64bit\apache-tomcat-9.0.31\webapps\examples]에 대한 배치가 [273] 밀리초에 완료되었습니다.
11-May-2022 15:45:26.853 정보 [main] org.apache.catalina.startup.HostConfig.deployDirectory 웹 애플리케이션 디렉토리 [C:\eGovFrameDev-3.10.0-64bit\apache-tomcat-9.0.31\webapps\host-manager]을(를) 배치합니다.
11-May-2022 15:45:26.875 정보 [main] org.apache.catalina.startup.HostConfig.deployDirectory 웹 애플리케이션 디렉토리 [C:\eGovFrameDev-3.10.0-64bit\apache-tomcat-9.0.31\webapps\host-manager]에 대한 배치가 [22] 밀리초에 완료되었습니다.
11-May-2022 15:45:26.877 정보 [main] org.apache.catalina.startup.HostConfig.deployDirectory 웹 애플리케이션 디렉토리 [C:\eGovFrameDev-3.10.0-64bit\apache-tomcat-9.0.31\webapps\manager]을(를) 배치합니다.
11-May-2022 15:45:26.899 정보 [main] org.apache.catalina.startup.HostConfig.deployDirectory 웹 애플리케이션 디렉토리 [C:\eGovFrameDev-3.10.0-64bit\apache-tomcat-9.0.31\webapps\manager]에 대한 배치가 [22] 밀리초에 완료되었습니다.
11-May-2022 15:45:26.903 정보 [main] org.apache.catalina.startup.HostConfig.deployDirectory 웹 애플리케이션 디렉토리 [C:\eGovFrameDev-3.10.0-64bit\apache-tomcat-9.0.31\webapps\ROOT]을(를) 배치합니다.
11-May-2022 15:45:26.923 정보 [main] org.apache.catalina.startup.HostConfig.deployDirectory 웹 애플리케이션 디렉토리 [C:\eGovFrameDev-3.10.0-64bit\apache-tomcat-9.0.31\webapps\ROOT]에 대한 배치가 [20] 밀리초에 완료되었습니다.
11-May-2022 15:45:26.927 정보 [main] org.apache.catalina.startup.Catalina.start 서버가 [539] 밀리초 내에 시작되었습니다.
11-May-2022 15:45:26.931 심각 [main] org.apache.catalina.core.StandardServer.await 주소 [localhost]와(과) 포트 [8005]에, 서버 셧다운 소켓을 생성하지 못했습니다. (base 포트 [8005], offset [0])
	java.net.BindException: Address already in use: JVM_Bind
		at java.net.DualStackPlainSocketImpl.bind0(Native Method)
		at java.net.DualStackPlainSocketImpl.socketBind(DualStackPlainSocketImpl.java:106)
		at java.net.AbstractPlainSocketImpl.bind(AbstractPlainSocketImpl.java:387)
		at java.net.PlainSocketImpl.bind(PlainSocketImpl.java:190)
		at java.net.ServerSocket.bind(ServerSocket.java:375)
		at java.net.ServerSocket.<init>(ServerSocket.java:237)
		at org.apache.catalina.core.StandardServer.await(StandardServer.java:584)
		at org.apache.catalina.startup.Catalina.await(Catalina.java:721)
		at org.apache.catalina.startup.Catalina.start(Catalina.java:667)
		at sun.reflect.NativeMethodAccessorImpl.invoke0(Native Method)
		at sun.reflect.NativeMethodAccessorImpl.invoke(NativeMethodAccessorImpl.java:62)
		at sun.reflect.DelegatingMethodAccessorImpl.invoke(DelegatingMethodAccessorImpl.java:43)
		at java.lang.reflect.Method.invoke(Method.java:498)
		at org.apache.catalina.startup.Bootstrap.start(Bootstrap.java:343)
		at org.apache.catalina.startup.Bootstrap.main(Bootstrap.java:474)
11-May-2022 15:45:26.932 정보 [main] org.apache.coyote.AbstractProtocol.pause 프로토콜 핸들러 ["http-nio-8080"]을(를) 일시 정지 중
11-May-2022 15:45:26.933 정보 [main] org.apache.catalina.core.StandardService.stopInternal 서비스 [Catalina]을(를) 중지시킵니다.
11-May-2022 15:45:26.956 정보 [main] org.apache.coyote.AbstractProtocol.stop 프로토콜 핸들러 ["http-nio-8080"]을(를) 중지시킵니다.
11-May-2022 15:45:26.960 정보 [main] org.apache.coyote.AbstractProtocol.destroy 프로토콜 핸들러 ["http-nio-8080"]을(를) 소멸시킵니다.
11-May-2022 15:45:36.632 정보 [main] org.apache.catalina.core.StandardServer.await 셧다운 포트를 통해 유효한 셧다운 명령을 받았습니다. 서버 인스턴스를 중지시킵니다.
11-May-2022 15:45:36.632 정보 [main] org.apache.coyote.AbstractProtocol.pause 프로토콜 핸들러 ["http-nio-8080"]을(를) 일시 정지 중
11-May-2022 15:45:36.755 정보 [main] org.apache.catalina.core.StandardService.stopInternal 서비스 [Catalina]을(를) 중지시킵니다.
11-May-2022 15:45:36.784 정보 [main] org.apache.coyote.AbstractProtocol.stop 프로토콜 핸들러 ["http-nio-8080"]을(를) 중지시킵니다.
11-May-2022 15:45:36.786 정보 [main] org.apache.coyote.AbstractProtocol.destroy 프로토콜 핸들러 ["http-nio-8080"]을(를) 소멸시킵니다.
11-May-2022 15:45:42.519 정보 [main] org.apache.catalina.startup.VersionLoggerListener.log 서버 버전 이름:        Apache Tomcat/9.0.31
11-May-2022 15:45:42.523 정보 [main] org.apache.catalina.startup.VersionLoggerListener.log Server 빌드 시각:          Feb 5 2020 19:32:12 UTC
11-May-2022 15:45:42.523 정보 [main] org.apache.catalina.startup.VersionLoggerListener.log Server 버전 번호:         9.0.31.0
11-May-2022 15:45:42.523 정보 [main] org.apache.catalina.startup.VersionLoggerListener.log 운영체제 이름:               Windows 10
11-May-2022 15:45:42.523 정보 [main] org.apache.catalina.startup.VersionLoggerListener.log 운영체제 버전:            10.0
11-May-2022 15:45:42.524 정보 [main] org.apache.catalina.startup.VersionLoggerListener.log 아키텍처:          amd64
11-May-2022 15:45:42.524 정보 [main] org.apache.catalina.startup.VersionLoggerListener.log 자바 홈:             C:\Program Files\Java\jdk1.8.0_231\jre
11-May-2022 15:45:42.524 정보 [main] org.apache.catalina.startup.VersionLoggerListener.log JVM 버전:           1.8.0_231-b11
11-May-2022 15:45:42.524 정보 [main] org.apache.catalina.startup.VersionLoggerListener.log JVM 벤더:            Oracle Corporation
11-May-2022 15:45:42.524 정보 [main] org.apache.catalina.startup.VersionLoggerListener.log CATALINA_BASE:         C:\eGovFrameDev-3.10.0-64bit\apache-tomcat-9.0.31
11-May-2022 15:45:42.524 정보 [main] org.apache.catalina.startup.VersionLoggerListener.log CATALINA_HOME:         C:\eGovFrameDev-3.10.0-64bit\apache-tomcat-9.0.31
11-May-2022 15:45:42.525 정보 [main] org.apache.catalina.startup.VersionLoggerListener.log 명령 행 아규먼트: -Djava.util.logging.config.file=C:\eGovFrameDev-3.10.0-64bit\apache-tomcat-9.0.31\conf\logging.properties
11-May-2022 15:45:42.525 정보 [main] org.apache.catalina.startup.VersionLoggerListener.log 명령 행 아규먼트: -Djava.util.logging.manager=org.apache.juli.ClassLoaderLogManager
11-May-2022 15:45:42.526 정보 [main] org.apache.catalina.startup.VersionLoggerListener.log 명령 행 아규먼트: -Djdk.tls.ephemeralDHKeySize=2048
11-May-2022 15:45:42.526 정보 [main] org.apache.catalina.startup.VersionLoggerListener.log 명령 행 아규먼트: -Djava.protocol.handler.pkgs=org.apache.catalina.webresources
11-May-2022 15:45:42.527 정보 [main] org.apache.catalina.startup.VersionLoggerListener.log 명령 행 아규먼트: -Dignore.endorsed.dirs=
11-May-2022 15:45:42.527 정보 [main] org.apache.catalina.startup.VersionLoggerListener.log 명령 행 아규먼트: -Dcatalina.base=C:\eGovFrameDev-3.10.0-64bit\apache-tomcat-9.0.31
11-May-2022 15:45:42.529 정보 [main] org.apache.catalina.startup.VersionLoggerListener.log 명령 행 아규먼트: -Dcatalina.home=C:\eGovFrameDev-3.10.0-64bit\apache-tomcat-9.0.31
11-May-2022 15:45:42.529 정보 [main] org.apache.catalina.startup.VersionLoggerListener.log 명령 행 아규먼트: -Djava.io.tmpdir=C:\eGovFrameDev-3.10.0-64bit\apache-tomcat-9.0.31\temp
11-May-2022 15:45:42.530 정보 [main] org.apache.catalina.core.AprLifecycleListener.lifecycleEvent APR 버전 [1.7.0]을(를) 사용한, APR 기반 Apache Tomcat Native 라이브러리 [1.2.23]을(를) 로드했습니다.
11-May-2022 15:45:42.532 정보 [main] org.apache.catalina.core.AprLifecycleListener.lifecycleEvent APR 용량정보들: IPv6 [true], sendfile [true], accept filters [false], random [true].
11-May-2022 15:45:42.534 정보 [main] org.apache.catalina.core.AprLifecycleListener.lifecycleEvent APR/OpenSSL 설정: useAprConnector [false], useOpenSSL [true]
11-May-2022 15:45:42.540 정보 [main] org.apache.catalina.core.AprLifecycleListener.initializeSSL OpenSSL이 성공적으로 초기화되었습니다: [OpenSSL 1.1.1c  28 May 2019]
11-May-2022 15:45:42.739 정보 [main] org.apache.coyote.AbstractProtocol.init 프로토콜 핸들러 ["http-nio-8080"]을(를) 초기화합니다.
11-May-2022 15:45:42.875 정보 [main] org.apache.catalina.startup.Catalina.load [596] 밀리초 내에 서버가 초기화되었습니다.
11-May-2022 15:45:42.895 정보 [main] org.apache.catalina.core.StandardService.startInternal 서비스 [Catalina]을(를) 시작합니다.
11-May-2022 15:45:42.896 정보 [main] org.apache.catalina.core.StandardEngine.startInternal 서버 엔진을 시작합니다: [Apache Tomcat/9.0.31]
11-May-2022 15:45:42.902 정보 [main] org.apache.catalina.startup.HostConfig.deployDirectory 웹 애플리케이션 디렉토리 [C:\eGovFrameDev-3.10.0-64bit\apache-tomcat-9.0.31\webapps\docs]을(를) 배치합니다.
11-May-2022 15:45:43.068 정보 [main] org.apache.catalina.startup.HostConfig.deployDirectory 웹 애플리케이션 디렉토리 [C:\eGovFrameDev-3.10.0-64bit\apache-tomcat-9.0.31\webapps\docs]에 대한 배치가 [166] 밀리초에 완료되었습니다.
11-May-2022 15:45:43.070 정보 [main] org.apache.catalina.startup.HostConfig.deployDirectory 웹 애플리케이션 디렉토리 [C:\eGovFrameDev-3.10.0-64bit\apache-tomcat-9.0.31\webapps\examples]을(를) 배치합니다.
11-May-2022 15:45:43.346 정보 [main] org.apache.catalina.startup.HostConfig.deployDirectory 웹 애플리케이션 디렉토리 [C:\eGovFrameDev-3.10.0-64bit\apache-tomcat-9.0.31\webapps\examples]에 대한 배치가 [276] 밀리초에 완료되었습니다.
11-May-2022 15:45:43.348 정보 [main] org.apache.catalina.startup.HostConfig.deployDirectory 웹 애플리케이션 디렉토리 [C:\eGovFrameDev-3.10.0-64bit\apache-tomcat-9.0.31\webapps\host-manager]을(를) 배치합니다.
11-May-2022 15:45:43.373 정보 [main] org.apache.catalina.startup.HostConfig.deployDirectory 웹 애플리케이션 디렉토리 [C:\eGovFrameDev-3.10.0-64bit\apache-tomcat-9.0.31\webapps\host-manager]에 대한 배치가 [25] 밀리초에 완료되었습니다.
11-May-2022 15:45:43.375 정보 [main] org.apache.catalina.startup.HostConfig.deployDirectory 웹 애플리케이션 디렉토리 [C:\eGovFrameDev-3.10.0-64bit\apache-tomcat-9.0.31\webapps\manager]을(를) 배치합니다.
11-May-2022 15:45:43.398 정보 [main] org.apache.catalina.startup.HostConfig.deployDirectory 웹 애플리케이션 디렉토리 [C:\eGovFrameDev-3.10.0-64bit\apache-tomcat-9.0.31\webapps\manager]에 대한 배치가 [23] 밀리초에 완료되었습니다.
11-May-2022 15:45:43.402 정보 [main] org.apache.catalina.startup.HostConfig.deployDirectory 웹 애플리케이션 디렉토리 [C:\eGovFrameDev-3.10.0-64bit\apache-tomcat-9.0.31\webapps\ROOT]을(를) 배치합니다.
11-May-2022 15:45:43.423 정보 [main] org.apache.catalina.startup.HostConfig.deployDirectory 웹 애플리케이션 디렉토리 [C:\eGovFrameDev-3.10.0-64bit\apache-tomcat-9.0.31\webapps\ROOT]에 대한 배치가 [21] 밀리초에 완료되었습니다.
11-May-2022 15:45:43.427 정보 [main] org.apache.coyote.AbstractProtocol.start 프로토콜 핸들러 ["http-nio-8080"]을(를) 시작합니다.
11-May-2022 15:45:43.437 정보 [main] org.apache.catalina.startup.Catalina.start 서버가 [561] 밀리초 내에 시작되었습니다.
11-May-2022 16:05:53.920 심각 [main] org.apache.catalina.startup.Catalina.stopServer [localhost:8005] (base 포트 [8005] 그리고 offset [0])와(과) 연결할 수 없었습니다. Tomcat이 실행 중이지 않을 수 있습니다.
11-May-2022 16:05:53.925 심각 [main] org.apache.catalina.startup.Catalina.stopServer Catalina를 중지시키는 중 오류 발생
	java.net.ConnectException: Connection refused: connect
		at java.net.DualStackPlainSocketImpl.connect0(Native Method)
		at java.net.DualStackPlainSocketImpl.socketConnect(DualStackPlainSocketImpl.java:79)
		at java.net.AbstractPlainSocketImpl.doConnect(AbstractPlainSocketImpl.java:350)
		at java.net.AbstractPlainSocketImpl.connectToAddress(AbstractPlainSocketImpl.java:206)
		at java.net.AbstractPlainSocketImpl.connect(AbstractPlainSocketImpl.java:188)
		at java.net.PlainSocketImpl.connect(PlainSocketImpl.java:172)
		at java.net.SocksSocketImpl.connect(SocksSocketImpl.java:392)
		at java.net.Socket.connect(Socket.java:606)
		at java.net.Socket.connect(Socket.java:555)
		at java.net.Socket.<init>(Socket.java:451)
		at java.net.Socket.<init>(Socket.java:228)
		at org.apache.catalina.startup.Catalina.stopServer(Catalina.java:513)
		at sun.reflect.NativeMethodAccessorImpl.invoke0(Native Method)
		at sun.reflect.NativeMethodAccessorImpl.invoke(NativeMethodAccessorImpl.java:62)
		at sun.reflect.DelegatingMethodAccessorImpl.invoke(DelegatingMethodAccessorImpl.java:43)
		at java.lang.reflect.Method.invoke(Method.java:498)
		at org.apache.catalina.startup.Bootstrap.stopServer(Bootstrap.java:389)
		at org.apache.catalina.startup.Bootstrap.main(Bootstrap.java:479)
