#
# A fatal error has been detected by the Java Runtime Environment:
#
#  EXCEPTION_STACK_OVERFLOW (0xc00000fd) at pc=0x00007ffed6972d67, pid=8596, tid=44748
#
# JRE version:  (11.0.15+8) (build )
# Java VM: Java HotSpot(TM) 64-Bit Server VM (11.0.15+8-LTS-149, mixed mode, tiered, compressed oops, g1 gc, windows-amd64)
# Problematic frame:
# V  [jvm.dll+0x362d67]
#
# No core dump will be written. Minidumps are not enabled by default on client versions of Windows
#
#

---------------  S U M M A R Y ------------

Command Line: -Dhttps.nonProxyHosts=localhost|127.0.0.1 -Dhttp.nonProxyHosts=localhost|127.0.0.1 org.eclipse.lemminx.XMLServerLauncher

Host: Intel(R) Core(TM) i7-8700 CPU @ 3.20GHz, 12 cores, 15G,  Windows 11 , 64 bit Build 22000 (10.0.22000.675)
Time: Wed May 25 17:40:14 2022 대한민국 표준시 elapsed time: 6.036119 seconds (0d 0h 0m 6s)

---------------  T H R E A D  ---------------

Current thread (0x00000258edab6000):  JavaThread "Finalizer" daemon [_thread_in_vm, id=44748, stack(0x000000dc92000000,0x000000dc92100000)]

Stack: [0x000000dc92000000,0x000000dc92100000],  sp=0x000000dc920ff370,  free space=1020k
Native frames: (J=compiled Java code, j=interpreted, Vv=VM code, C=native code)
V  [jvm.dll+0x362d67]
V  [jvm.dll+0x629cb2]
V  [jvm.dll+0x36382a]
V  [jvm.dll+0x363ab7]
V  [jvm.dll+0x3dcbe1]
V  [jvm.dll+0x729820]
V  [jvm.dll+0x7223f4]
