#
# A fatal error has been detected by the Java Runtime Environment:
#
#  EXCEPTION_ACCESS_VIOLATION (0xc0000005) at pc=0x00007ff8e4161c41, pid=58004, tid=21708
#
# JRE version:  (11.0.15+8) (build )
# Java VM: Java HotSpot(TM) 64-Bit Server VM (11.0.15+8-LTS-149, mixed mode, tiered, compressed oops, g1 gc, windows-amd64)
# Problematic frame:
# C  [jimage.dll+0x1c41]
#
# No core dump will be written. Minidumps are not enabled by default on client versions of Windows
#
#

---------------  S U M M A R Y ------------

Command Line: -Dhttps.nonProxyHosts=localhost|127.0.0.1 -Dhttp.nonProxyHosts=localhost|127.0.0.1 org.eclipse.lemminx.XMLServerLauncher

Host: Intel(R) Core(TM) i7-8700 CPU @ 3.20GHz, 12 cores, 15G,  Windows 11 , 64 bit Build 22000 (10.0.22000.675)
Time: Wed May 18 16:49:22 2022 대한민국 표준시 elapsed time: 0.742254 seconds (0d 0h 0m 0s)

---------------  T H R E A D  ---------------

Current thread (0x000002ac258e0000):  JavaThread "Unknown thread" [_thread_in_vm, id=21708, stack(0x000000b913c00000,0x000000b913d00000)]

Stack: [0x000000b913c00000,0x000000b913d00000],  sp=0x000000b913cfdb20,  free space=1014k
Native frames: (J=compiled Java code, j=interpreted, Vv=VM code, C=native code)
C  [jimage.dll+0x1c41]


siginfo: EXCEPTION_ACCESS_VIOLATION (0xc0000005), reading address 0x0000000000001854


Registers:
RAX=0x000000000000060e, RBX=0x000000b913cfdc11, RCX=0x00007ff8e4166000, RDX=0x000000000000060e
RSP=0x000000b913cfdb20, RBP=0x000000b913cfdc10, RSI=0x00000000000074c5, RDI=0x000000b913cfdc10
R8 =0x00007ff8e4164278, R9 =0x000000000000001c, R10=0x000002ac258e0a00, R11=0x00007ff8e4166000
R12=0x000002ac258e0ab0, R13=0x000002ac258eb100, R14=0x000000b913cfec88, R15=0x000002ac258e0ad0
RIP=0x00007ff8e4161c41, EFLAGS=0x0000000000010246

Top of Stack: (sp=0x000000b913cfdb20)
0x000000b913cfdb20:   cafebabecafebabe cafebabecafebabe
0x000000b913cfdb30:   000000b913cfdc40 000002ac258bacc0
0x000000b913cfdb40:   000002ac258b9ea0 00007ff8e4161dcf
0x000000b913cfdb50:   0000000000000002 000002ac258b9ea0
0x000000b913cfdb60:   000002ac258e2e00 0000000000000000
0x000000b913cfdb70:   0000000000000000 0000000000000000
0x000000b913cfdb80:   00005c00877611c5 0000000000000000
0x000000b913cfdb90:   0000000000000000 00007ff8e93eafc9
0x000000b913cfdba0:   0000000000000000 000002ac258b7c70
0x000000b913cfdbb0:   0000ebad46792792 000002ac258b0000
0x000000b913cfdbc0:   00007ff89f569677 0000000000000016
0x000000b913cfdbd0:   000002ac258b9ea0 000000b913cfec88
0x000000b913cfdbe0:   0000000000000002 00007ff8e41627b1
0x000000b913cfdbf0:   000000b913cfdc88 000000b913cfdcd0
0x000000b913cfdc00:   00007ff800000268 00007ff800000003
0x000000b913cfdc10:   6c2f6176616a2f2f 656a624f2f676e61 

Instructions: (pc=0x00007ff8e4161c41)
0x00007ff8e4161c21:   b6 ca 44 8a 12 33 c1 48 ff c2 45 84 d2 75 e9 4d
0x00007ff8e4161c31:   8b 03 0f ba f0 1f 33 d2 49 8b cb f7 f6 48 63 c2
0x00007ff8e4161c41:   41 8b 14 81 41 ff 50 08 85 c0 7e 24 8a 0f eb 10
0x00007ff8e4161c51:   69 c0 93 01 00 01 0f b6 c9 33 c1 8a 0b 48 ff c3 



---------------  P R O C E S S  ---------------

Threads class SMR info:
_java_thread_list=0x000002ac258b1360, length=0, elements={
}

Java Threads: ( => current thread )

Other Threads:
  0x000002ac258f7000 GCTaskThread "GC Thread#0" [stack: 0x0000000000000000,0x0000000000000000] [id=33172]
  0x000002ac25952800 ConcurrentGCThread "G1 Main Marker" [stack: 0x000000b913e00000,0x000000b913f00000] [id=108492]
  0x000002ac25955000 ConcurrentGCThread "G1 Conc#0" [stack: 0x0000000000000000,0x0000000000000000] [id=14368]
  0x000002ac4332f000 ConcurrentGCThread "G1 Refine#0" [stack: 0x0000000000000000,0x0000000000000000] [id=21176]
  0x000002ac43330000 ConcurrentGCThread "G1 Young RemSet Sampling" [stack: 0x0000000000000000,0x0000000000000000] [id=65336]

=>0x000002ac258e0000 (exited) JavaThread "Unknown thread" [_thread_in_vm, id=21708, stack(0x000000b913c00000,0x000000b913d00000)]

Threads with active compile tasks:

VM state:not at safepoint (not fully initialized)

VM Mutex/Monitor currently owned by a thread: None

Heap address: 0x0000000702a00000, size: 4054 MB, Compressed Oops mode: Zero based, Oop shift amount: 3
Narrow klass base: 0x0000000800000000, Narrow klass shift: 0
Compressed class space size: 1073741824 Address: 0x0000000800000000

GC Heap History (0 events):
No events

Deoptimization events (0 events):
No events

Classes redefined (0 events):
No events

Internal exceptions (0 events):
No events

Events (1 events):
Event: 0.736 loading class java/lang/Object


Dynamic libraries:
0x00007ff60a6d0000 - 0x00007ff60a6df000 	C:\Program Files\Java\jdk-11.0.15\bin\java.exe
0x00007ff8ebec0000 - 0x00007ff8ec0c9000 	C:\WINDOWS\SYSTEM32\ntdll.dll
0x00007ff8eaf50000 - 0x00007ff8eb00d000 	C:\WINDOWS\System32\KERNEL32.DLL
0x00007ff8e93b0000 - 0x00007ff8e9729000 	C:\WINDOWS\System32\KERNELBASE.dll
0x00007ff8e6350000 - 0x00007ff8e63e1000 	C:\WINDOWS\SYSTEM32\apphelp.dll
0x00007ff8e9c40000 - 0x00007ff8e9d51000 	C:\WINDOWS\System32\ucrtbase.dll
0x00007ff8db350000 - 0x00007ff8db365000 	C:\Program Files\Java\jdk-11.0.15\bin\VCRUNTIME140.dll
0x00007ff8daef0000 - 0x00007ff8daf08000 	C:\Program Files\Java\jdk-11.0.15\bin\jli.dll
0x00007ff8ea7d0000 - 0x00007ff8ea87e000 	C:\WINDOWS\System32\ADVAPI32.dll
0x00007ff8ea8b0000 - 0x00007ff8ea953000 	C:\WINDOWS\System32\msvcrt.dll
0x00007ff8eba20000 - 0x00007ff8ebabe000 	C:\WINDOWS\System32\sechost.dll
0x00007ff8eae20000 - 0x00007ff8eaf40000 	C:\WINDOWS\System32\RPCRT4.dll
0x00007ff8eac00000 - 0x00007ff8eadac000 	C:\WINDOWS\System32\USER32.dll
0x00007ff8e9820000 - 0x00007ff8e9846000 	C:\WINDOWS\System32\win32u.dll
0x00007ff8ea880000 - 0x00007ff8ea8a9000 	C:\WINDOWS\System32\GDI32.dll
0x00007ff8e9a60000 - 0x00007ff8e9b72000 	C:\WINDOWS\System32\gdi32full.dll
0x00007ff8e99c0000 - 0x00007ff8e9a5d000 	C:\WINDOWS\System32\msvcp_win.dll
0x00007ff8d9620000 - 0x00007ff8d98c5000 	C:\WINDOWS\WinSxS\amd64_microsoft.windows.common-controls_6595b64144ccf1df_6.0.22000.120_none_9d947278b86cc467\COMCTL32.dll
0x00007ff8e61b0000 - 0x00007ff8e61ba000 	C:\WINDOWS\SYSTEM32\VERSION.dll
0x00007ff8ea710000 - 0x00007ff8ea741000 	C:\WINDOWS\System32\IMM32.DLL
0x00007ff8c9910000 - 0x00007ff8c99ab000 	C:\Program Files\Java\jdk-11.0.15\bin\msvcp140.dll
0x00007ff89edd0000 - 0x00007ff89f8e6000 	C:\Program Files\Java\jdk-11.0.15\bin\server\jvm.dll
0x00007ff8ebac0000 - 0x00007ff8ebac8000 	C:\WINDOWS\System32\PSAPI.DLL
0x00007ff8e3ff0000 - 0x00007ff8e3ff9000 	C:\WINDOWS\SYSTEM32\WSOCK32.dll
0x00007ff8eadb0000 - 0x00007ff8eae1f000 	C:\WINDOWS\System32\WS2_32.dll
0x00007ff8db9f0000 - 0x00007ff8dba23000 	C:\WINDOWS\SYSTEM32\WINMM.dll
0x00007ff8e85a0000 - 0x00007ff8e85b8000 	C:\WINDOWS\SYSTEM32\kernel.appcore.dll
0x00007ff8e4fe0000 - 0x00007ff8e4ff0000 	C:\Program Files\Java\jdk-11.0.15\bin\verify.dll
0x00007ff8daf90000 - 0x00007ff8dafb8000 	C:\Program Files\Java\jdk-11.0.15\bin\java.dll
0x00007ff8e4160000 - 0x00007ff8e416a000 	C:\Program Files\Java\jdk-11.0.15\bin\jimage.dll
0x00007ff8ddb80000 - 0x00007ff8ddb96000 	C:\Program Files\Java\jdk-11.0.15\bin\zip.dll

dbghelp: loading error: 1455
symbol engine: initialization error.

VM Arguments:
jvm_args: -Dhttps.nonProxyHosts=localhost|127.0.0.1 -Dhttp.nonProxyHosts=localhost|127.0.0.1 
java_command: org.eclipse.lemminx.XMLServerLauncher
java_class_path (initial): C:\Users\HUSTAR25\Desktop\eGovFrameDev-3.10.0-64bit\eclipse\configuration\org.eclipse.osgi\796\0\.cp\language-servers\server\org.eclipse.lemminx-uber.jar
Launcher Type: SUN_STANDARD

[Global flags]
     intx CICompilerCount                          = 4                                         {product} {ergonomic}
     uint ConcGCThreads                            = 3                                         {product} {ergonomic}
     uint G1ConcRefinementThreads                  = 10                                        {product} {ergonomic}
   size_t G1HeapRegionSize                         = 1048576                                   {product} {ergonomic}
    uintx GCDrainStackTargetSize                   = 64                                        {product} {ergonomic}
   size_t InitialHeapSize                          = 266338304                                 {product} {ergonomic}
   size_t MarkStackSize                            = 4194304                                   {product} {ergonomic}
   size_t MaxHeapSize                              = 4250927104                                {product} {ergonomic}
   size_t MaxNewSize                               = 2550136832                                {product} {ergonomic}
   size_t MinHeapDeltaBytes                        = 1048576                                   {product} {ergonomic}
    uintx NonNMethodCodeHeapSize                   = 5836300                                {pd product} {ergonomic}
    uintx NonProfiledCodeHeapSize                  = 122910970                              {pd product} {ergonomic}
    uintx ProfiledCodeHeapSize                     = 122910970                              {pd product} {ergonomic}
    uintx ReservedCodeCacheSize                    = 251658240                              {pd product} {ergonomic}
     bool SegmentedCodeCache                       = true                                      {product} {ergonomic}
     bool UseCompressedClassPointers               = true                                 {lp64_product} {ergonomic}
     bool UseCompressedOops                        = true                                 {lp64_product} {ergonomic}
     bool UseG1GC                                  = true                                      {product} {ergonomic}
     bool UseLargePagesIndividualAllocation        = false                                  {pd product} {ergonomic}

Logging:
Log output configuration:
 #0: stdout all=warning uptime,level,tags
 #1: stderr all=off uptime,level,tags

Environment Variables:
PATH=C:/Program Files/Java/jdk-11.0.15/bin/server;C:/Program Files/Java/jdk-11.0.15/bin;C:\Program Files\Java\jdk-11.0.15\bin;C:\Program Files (x86)\Java\jre1.8.0_331\bin;C:\Program Files\NVIDIA GPU Computing Toolkit\CUDA\v11.2\bin;C:\Program Files\NVIDIA GPU Computing Toolkit\CUDA\v11.2\libnvvp;C:\Windows\system32;C:\Windows;C:\Windows\System32\Wbem;C:\Windows\System32\WindowsPowerShell\v1.0\;C:\Windows\System32\OpenSSH\;C:\Program Files (x86)\Intel\Intel(R) Management Engine Components\DAL;C:\Program Files\Intel\Intel(R) Management Engine Components\DAL;C:\Program Files (x86)\NVIDIA Corporation\PhysX\Common;C:\WINDOWS\system32;C:\WINDOWS;C:\WINDOWS\System32\Wbem;C:\WINDOWS\System32\WindowsPowerShell\v1.0\;C:\WINDOWS\System32\OpenSSH\;C:\Program Files\Bandizip\;C:\Program Files\Git\cmd;C:\Program Files\NVIDIA Corporation\Nsight Compute 2020.3.0\;;C:\WINDOWS\system32;C:\WINDOWS;C:\WINDOWS\System32\Wbem;C:\WINDOWS\System32\WindowsPowerShell\v1.0\;C:\WINDOWS\System32\OpenSSH\;C:\Program Files\PuTTY\;C:\Users\HUSTAR25\AppData\Local\Programs\Python\Python310\Scripts\;C:\Users\HUSTAR25\AppData\Local\Programs\Python\Python310\;C:\Users\HUSTAR25\AppData\Local\Microsoft\WindowsApps;;C:\Users\HUSTAR25\AppData\Local\Programs\Microsoft VS Code\bin;C:\Program Files\JetBrains\IntelliJ IDEA 2022.1\bin;;C:\Users\HUSTAR25\Desktop\eGovFrameDev-3.10.0-64bit\eclipse;
USERNAME=HUSTAR25
OS=Windows_NT
PROCESSOR_IDENTIFIER=Intel64 Family 6 Model 158 Stepping 10, GenuineIntel



---------------  S Y S T E M  ---------------

OS: Windows 11 , 64 bit Build 22000 (10.0.22000.675)

CPU:total 12 (initial active 12) (6 cores per cpu, 2 threads per core) family 6 model 158 stepping 10 microcode 0xde, cmov, cx8, fxsr, mmx, sse, sse2, sse3, ssse3, sse4.1, sse4.2, popcnt, avx, avx2, aes, clmul, erms, rtm, 3dnowpref, lzcnt, ht, tsc, tscinvbit, bmi1, bmi2, adx, fma

Memory: 4k page, system-wide physical 16212M (533M free)
TotalPageFile size 65364M (AvailPageFile size 248M)
current process WorkingSet (physical memory assigned to process): 22M, peak: 22M
current process commit charge ("private bytes"): 334M, peak: 334M

vm_info: Java HotSpot(TM) 64-Bit Server VM (11.0.15+8-LTS-149) for windows-amd64 JRE (11.0.15+8-LTS-149), built on Mar  9 2022 22:42:32 by "mach5one" with MS VC++ 15.9 (VS2017)

END.
