#
# A fatal error has been detected by the Java Runtime Environment:
#
#  EXCEPTION_ACCESS_VIOLATION (0xc0000005) at pc=0x00007ff89f132d67, pid=72492, tid=105880
#
# JRE version: Java(TM) SE Runtime Environment 18.9 (11.0.15+8) (build 11.0.15+8-LTS-149)
# Java VM: Java HotSpot(TM) 64-Bit Server VM 18.9 (11.0.15+8-LTS-149, mixed mode, tiered, compressed oops, g1 gc, windows-amd64)
# Problematic frame:
# V  [jvm.dll+0x362d67]
#
# No core dump will be written. Minidumps are not enabled by default on client versions of Windows
#
# If you would like to submit a bug report, please visit:
#   https://bugreport.java.com/bugreport/crash.jsp
#

---------------  S U M M A R Y ------------

Command Line: -Dhttps.nonProxyHosts=localhost|127.0.0.1 -Dhttp.nonProxyHosts=localhost|127.0.0.1 org.eclipse.lemminx.XMLServerLauncher

Host: Intel(R) Core(TM) i7-8700 CPU @ 3.20GHz, 12 cores, 15G,  Windows 11 , 64 bit Build 22000 (10.0.22000.675)
Time: Wed May 18 17:06:12 2022 대한민국 표준시 elapsed time: 3.452996 seconds (0d 0h 0m 3s)

---------------  T H R E A D  ---------------

Current thread (0x0000025d362d8000):  JavaThread "main" [_thread_in_vm, id=105880, stack(0x0000007ec0a00000,0x0000007ec0b00000)]

Stack: [0x0000007ec0a00000,0x0000007ec0b00000],  sp=0x0000007ec0afab10,  free space=1002k
Native frames: (J=compiled Java code, j=interpreted, Vv=VM code, C=native code)
V  [jvm.dll+0x362d67]
V  [jvm.dll+0x629cb2]
V  [jvm.dll+0x362ace]
