#
# A fatal error has been detected by the Java Runtime Environment:
#
#  EXCEPTION_ACCESS_VIOLATION (0xc0000005) at pc=0x00007ff89f132d67, pid=31768, tid=42936
#
# JRE version:  (11.0.15+8) (build )
# Java VM: Java HotSpot(TM) 64-Bit Server VM (11.0.15+8-LTS-149, mixed mode, tiered, compressed oops, g1 gc, windows-amd64)
# Problematic frame:
# V  [jvm.dll+0x362d67]
#
# No core dump will be written. Minidumps are not enabled by default on client versions of Windows
#
#

---------------  S U M M A R Y ------------

Command Line: -Dhttps.nonProxyHosts=localhost|127.0.0.1 -Dhttp.nonProxyHosts=localhost|127.0.0.1 org.eclipse.lemminx.XMLServerLauncher

Host: Intel(R) Core(TM) i7-8700 CPU @ 3.20GHz, 12 cores, 15G,  Windows 11 , 64 bit Build 22000 (10.0.22000.675)
Time: Wed May 18 16:49:22 2022 대한민국 표준시 elapsed time: 1.066754 seconds (0d 0h 0m 1s)

---------------  T H R E A D  ---------------

Current thread (0x0000014de03c8000):  JavaThread "Unknown thread" [_thread_in_vm, id=42936, stack(0x00000021ade00000,0x00000021adf00000)]

Stack: [0x00000021ade00000,0x00000021adf00000],  sp=0x00000021adeff310,  free space=1020k
Native frames: (J=compiled Java code, j=interpreted, Vv=VM code, C=native code)
V  [jvm.dll+0x362d67]
V  [jvm.dll+0x629cb2]
V  [jvm.dll+0x362ace]
V  [jvm.dll+0x34c1cc]
V  [jvm.dll+0x34bc68]
V  [jvm.dll+0x34bf48]
V  [jvm.dll+0x34bc68]
V  [jvm.dll+0x725764]
V  [jvm.dll+0x72397e]
V  [jvm.dll+0x3b56cf]
