11-May-2022 16:06:52.115 정보 [main] org.apache.catalina.startup.VersionLoggerListener.log 서버 버전 이름:    Apache Tomcat/8.5.78
11-May-2022 16:06:52.119 정보 [main] org.apache.catalina.startup.VersionLoggerListener.log Server 빌드 시각:  Mar 31 2022 16:05:28 UTC
11-May-2022 16:06:52.120 정보 [main] org.apache.catalina.startup.VersionLoggerListener.log Server 버전 번호:  8.5.78.0
11-May-2022 16:06:52.120 정보 [main] org.apache.catalina.startup.VersionLoggerListener.log 운영체제 이름:     Windows 10
11-May-2022 16:06:52.120 정보 [main] org.apache.catalina.startup.VersionLoggerListener.log 운영체제 버전:     10.0
11-May-2022 16:06:52.120 정보 [main] org.apache.catalina.startup.VersionLoggerListener.log 아키텍처:          amd64
11-May-2022 16:06:52.120 정보 [main] org.apache.catalina.startup.VersionLoggerListener.log 자바 홈:           C:\Program Files\Java\jdk1.8.0_231\jre
11-May-2022 16:06:52.120 정보 [main] org.apache.catalina.startup.VersionLoggerListener.log JVM 버전:          1.8.0_231-b11
11-May-2022 16:06:52.121 정보 [main] org.apache.catalina.startup.VersionLoggerListener.log JVM 벤더:          Oracle Corporation
11-May-2022 16:06:52.121 정보 [main] org.apache.catalina.startup.VersionLoggerListener.log CATALINA_BASE:     C:\eGovFrameDev-3.10.0-64bit\apache-tomcat-8.5.78
11-May-2022 16:06:52.121 정보 [main] org.apache.catalina.startup.VersionLoggerListener.log CATALINA_HOME:     C:\eGovFrameDev-3.10.0-64bit\apache-tomcat-8.5.78
11-May-2022 16:06:52.121 정보 [main] org.apache.catalina.startup.VersionLoggerListener.log 명령 행 아규먼트:  -Djava.util.logging.config.file=C:\eGovFrameDev-3.10.0-64bit\apache-tomcat-8.5.78\conf\logging.properties
11-May-2022 16:06:52.122 정보 [main] org.apache.catalina.startup.VersionLoggerListener.log 명령 행 아규먼트:  -Djava.util.logging.manager=org.apache.juli.ClassLoaderLogManager
11-May-2022 16:06:52.122 정보 [main] org.apache.catalina.startup.VersionLoggerListener.log 명령 행 아규먼트:  -Djdk.tls.ephemeralDHKeySize=2048
11-May-2022 16:06:52.123 정보 [main] org.apache.catalina.startup.VersionLoggerListener.log 명령 행 아규먼트:  -Djava.protocol.handler.pkgs=org.apache.catalina.webresources
11-May-2022 16:06:52.124 정보 [main] org.apache.catalina.startup.VersionLoggerListener.log 명령 행 아규먼트:  -Dignore.endorsed.dirs=
11-May-2022 16:06:52.125 정보 [main] org.apache.catalina.startup.VersionLoggerListener.log 명령 행 아규먼트:  -Dcatalina.base=C:\eGovFrameDev-3.10.0-64bit\apache-tomcat-8.5.78
11-May-2022 16:06:52.125 정보 [main] org.apache.catalina.startup.VersionLoggerListener.log 명령 행 아규먼트:  -Dcatalina.home=C:\eGovFrameDev-3.10.0-64bit\apache-tomcat-8.5.78
11-May-2022 16:06:52.125 정보 [main] org.apache.catalina.startup.VersionLoggerListener.log 명령 행 아규먼트:  -Djava.io.tmpdir=C:\eGovFrameDev-3.10.0-64bit\apache-tomcat-8.5.78\temp
11-May-2022 16:06:52.126 정보 [main] org.apache.catalina.core.AprLifecycleListener.lifecycleEvent APR 버전 [1.7.0]을(를) 사용한, APR 기반 Apache Tomcat Native 라이브러리 [1.2.32]을(를) 로드했습니다.
11-May-2022 16:06:52.127 정보 [main] org.apache.catalina.core.AprLifecycleListener.lifecycleEvent APR 용량정보들: IPv6 [true], sendfile [true], accept filters [false], random [true], UDS [{4}].
11-May-2022 16:06:52.127 정보 [main] org.apache.catalina.core.AprLifecycleListener.lifecycleEvent APR/OpenSSL 설정: useAprConnector [false], useOpenSSL [true]
11-May-2022 16:06:52.134 정보 [main] org.apache.catalina.core.AprLifecycleListener.initializeSSL OpenSSL이 성공적으로 초기화되었습니다: [OpenSSL 1.1.1n  15 Mar 2022]
11-May-2022 16:06:52.257 정보 [main] org.apache.coyote.AbstractProtocol.init 프로토콜 핸들러 ["http-nio-8080"]을(를) 초기화합니다.
11-May-2022 16:06:52.273 정보 [main] org.apache.catalina.startup.Catalina.load Initialization processed in 580 ms
11-May-2022 16:06:52.294 정보 [main] org.apache.catalina.core.StandardService.startInternal 서비스 [Catalina]을(를) 시작합니다.
11-May-2022 16:06:52.295 정보 [main] org.apache.catalina.core.StandardEngine.startInternal 서버 엔진을 시작합니다: [Apache Tomcat/8.5.78]
11-May-2022 16:06:52.304 정보 [localhost-startStop-1] org.apache.catalina.startup.HostConfig.deployDirectory 웹 애플리케이션 디렉토리 [C:\eGovFrameDev-3.10.0-64bit\apache-tomcat-8.5.78\webapps\docs]을(를) 배치합니다.
11-May-2022 16:06:52.579 경고 [localhost-startStop-1] org.apache.catalina.util.SessionIdGeneratorBase.createSecureRandom [SHA1PRNG] 알고리즘을 사용하여, 세션 ID를 생성하기 위한 SecureRandom 객체를 생성하는데, [111] 밀리초가 소요됐습니다.
11-May-2022 16:06:52.602 정보 [localhost-startStop-1] org.apache.catalina.startup.HostConfig.deployDirectory 웹 애플리케이션 디렉토리 [C:\eGovFrameDev-3.10.0-64bit\apache-tomcat-8.5.78\webapps\docs]에 대한 배치가 [297] 밀리초에 완료되었습니다.
11-May-2022 16:06:52.605 정보 [localhost-startStop-1] org.apache.catalina.startup.HostConfig.deployDirectory 웹 애플리케이션 디렉토리 [C:\eGovFrameDev-3.10.0-64bit\apache-tomcat-8.5.78\webapps\examples]을(를) 배치합니다.
11-May-2022 16:06:52.921 정보 [localhost-startStop-1] org.apache.catalina.startup.HostConfig.deployDirectory 웹 애플리케이션 디렉토리 [C:\eGovFrameDev-3.10.0-64bit\apache-tomcat-8.5.78\webapps\examples]에 대한 배치가 [316] 밀리초에 완료되었습니다.
11-May-2022 16:06:52.923 정보 [localhost-startStop-1] org.apache.catalina.startup.HostConfig.deployDirectory 웹 애플리케이션 디렉토리 [C:\eGovFrameDev-3.10.0-64bit\apache-tomcat-8.5.78\webapps\host-manager]을(를) 배치합니다.
11-May-2022 16:06:52.952 정보 [localhost-startStop-1] org.apache.catalina.startup.HostConfig.deployDirectory 웹 애플리케이션 디렉토리 [C:\eGovFrameDev-3.10.0-64bit\apache-tomcat-8.5.78\webapps\host-manager]에 대한 배치가 [29] 밀리초에 완료되었습니다.
11-May-2022 16:06:52.954 정보 [localhost-startStop-1] org.apache.catalina.startup.HostConfig.deployDirectory 웹 애플리케이션 디렉토리 [C:\eGovFrameDev-3.10.0-64bit\apache-tomcat-8.5.78\webapps\manager]을(를) 배치합니다.
11-May-2022 16:06:52.982 정보 [localhost-startStop-1] org.apache.catalina.startup.HostConfig.deployDirectory 웹 애플리케이션 디렉토리 [C:\eGovFrameDev-3.10.0-64bit\apache-tomcat-8.5.78\webapps\manager]에 대한 배치가 [28] 밀리초에 완료되었습니다.
11-May-2022 16:06:52.984 정보 [localhost-startStop-1] org.apache.catalina.startup.HostConfig.deployDirectory 웹 애플리케이션 디렉토리 [C:\eGovFrameDev-3.10.0-64bit\apache-tomcat-8.5.78\webapps\ROOT]을(를) 배치합니다.
11-May-2022 16:06:53.010 정보 [localhost-startStop-1] org.apache.catalina.startup.HostConfig.deployDirectory 웹 애플리케이션 디렉토리 [C:\eGovFrameDev-3.10.0-64bit\apache-tomcat-8.5.78\webapps\ROOT]에 대한 배치가 [26] 밀리초에 완료되었습니다.
11-May-2022 16:06:53.012 정보 [main] org.apache.coyote.AbstractProtocol.start 프로토콜 핸들러 ["http-nio-8080"]을(를) 시작합니다.
11-May-2022 16:06:53.058 정보 [main] org.apache.catalina.startup.Catalina.start Server startup in 784 ms
11-May-2022 16:07:57.706 정보 [main] org.apache.catalina.core.StandardServer.await 셧다운 포트를 통해 유효한 셧다운 명령을 받았습니다. 서버 인스턴스를 중지시킵니다.
11-May-2022 16:07:57.708 정보 [main] org.apache.coyote.AbstractProtocol.pause 프로토콜 핸들러 ["http-nio-8080"]을(를) 일시 정지 중
11-May-2022 16:07:57.839 정보 [main] org.apache.catalina.core.StandardService.stopInternal 서비스 [Catalina]을(를) 중지시킵니다.
11-May-2022 16:07:57.861 정보 [main] org.apache.coyote.AbstractProtocol.stop 프로토콜 핸들러 ["http-nio-8080"]을(를) 중지시킵니다.
11-May-2022 16:07:57.875 정보 [main] org.apache.coyote.AbstractProtocol.destroy 프로토콜 핸들러 ["http-nio-8080"]을(를) 소멸시킵니다.
11-May-2022 16:08:03.417 정보 [main] org.apache.catalina.startup.VersionLoggerListener.log 서버 버전 이름:    Apache Tomcat/8.5.78
11-May-2022 16:08:03.422 정보 [main] org.apache.catalina.startup.VersionLoggerListener.log Server 빌드 시각:  Mar 31 2022 16:05:28 UTC
11-May-2022 16:08:03.422 정보 [main] org.apache.catalina.startup.VersionLoggerListener.log Server 버전 번호:  8.5.78.0
11-May-2022 16:08:03.423 정보 [main] org.apache.catalina.startup.VersionLoggerListener.log 운영체제 이름:     Windows 10
11-May-2022 16:08:03.423 정보 [main] org.apache.catalina.startup.VersionLoggerListener.log 운영체제 버전:     10.0
11-May-2022 16:08:03.423 정보 [main] org.apache.catalina.startup.VersionLoggerListener.log 아키텍처:          amd64
11-May-2022 16:08:03.423 정보 [main] org.apache.catalina.startup.VersionLoggerListener.log 자바 홈:           C:\Program Files\Java\jdk1.8.0_231\jre
11-May-2022 16:08:03.423 정보 [main] org.apache.catalina.startup.VersionLoggerListener.log JVM 버전:          1.8.0_231-b11
11-May-2022 16:08:03.423 정보 [main] org.apache.catalina.startup.VersionLoggerListener.log JVM 벤더:          Oracle Corporation
11-May-2022 16:08:03.423 정보 [main] org.apache.catalina.startup.VersionLoggerListener.log CATALINA_BASE:     C:\eGovFrameDev-3.10.0-64bit\apache-tomcat-8.5.78
11-May-2022 16:08:03.424 정보 [main] org.apache.catalina.startup.VersionLoggerListener.log CATALINA_HOME:     C:\eGovFrameDev-3.10.0-64bit\apache-tomcat-8.5.78
11-May-2022 16:08:03.424 정보 [main] org.apache.catalina.startup.VersionLoggerListener.log 명령 행 아규먼트:  -Djava.util.logging.config.file=C:\eGovFrameDev-3.10.0-64bit\apache-tomcat-8.5.78\conf\logging.properties
11-May-2022 16:08:03.425 정보 [main] org.apache.catalina.startup.VersionLoggerListener.log 명령 행 아규먼트:  -Djava.util.logging.manager=org.apache.juli.ClassLoaderLogManager
11-May-2022 16:08:03.426 정보 [main] org.apache.catalina.startup.VersionLoggerListener.log 명령 행 아규먼트:  -Djdk.tls.ephemeralDHKeySize=2048
11-May-2022 16:08:03.426 정보 [main] org.apache.catalina.startup.VersionLoggerListener.log 명령 행 아규먼트:  -Djava.protocol.handler.pkgs=org.apache.catalina.webresources
11-May-2022 16:08:03.427 정보 [main] org.apache.catalina.startup.VersionLoggerListener.log 명령 행 아규먼트:  -Dignore.endorsed.dirs=
11-May-2022 16:08:03.427 정보 [main] org.apache.catalina.startup.VersionLoggerListener.log 명령 행 아규먼트:  -Dcatalina.base=C:\eGovFrameDev-3.10.0-64bit\apache-tomcat-8.5.78
11-May-2022 16:08:03.428 정보 [main] org.apache.catalina.startup.VersionLoggerListener.log 명령 행 아규먼트:  -Dcatalina.home=C:\eGovFrameDev-3.10.0-64bit\apache-tomcat-8.5.78
11-May-2022 16:08:03.429 정보 [main] org.apache.catalina.startup.VersionLoggerListener.log 명령 행 아규먼트:  -Djava.io.tmpdir=C:\eGovFrameDev-3.10.0-64bit\apache-tomcat-8.5.78\temp
11-May-2022 16:08:03.429 정보 [main] org.apache.catalina.core.AprLifecycleListener.lifecycleEvent APR 버전 [1.7.0]을(를) 사용한, APR 기반 Apache Tomcat Native 라이브러리 [1.2.32]을(를) 로드했습니다.
11-May-2022 16:08:03.430 정보 [main] org.apache.catalina.core.AprLifecycleListener.lifecycleEvent APR 용량정보들: IPv6 [true], sendfile [true], accept filters [false], random [true], UDS [{4}].
11-May-2022 16:08:03.432 정보 [main] org.apache.catalina.core.AprLifecycleListener.lifecycleEvent APR/OpenSSL 설정: useAprConnector [false], useOpenSSL [true]
11-May-2022 16:08:03.437 정보 [main] org.apache.catalina.core.AprLifecycleListener.initializeSSL OpenSSL이 성공적으로 초기화되었습니다: [OpenSSL 1.1.1n  15 Mar 2022]
11-May-2022 16:08:03.534 정보 [main] org.apache.coyote.AbstractProtocol.init 프로토콜 핸들러 ["http-nio-8080"]을(를) 초기화합니다.
11-May-2022 16:08:03.551 정보 [main] org.apache.catalina.startup.Catalina.load Initialization processed in 449 ms
11-May-2022 16:08:03.573 정보 [main] org.apache.catalina.core.StandardService.startInternal 서비스 [Catalina]을(를) 시작합니다.
11-May-2022 16:08:03.574 정보 [main] org.apache.catalina.core.StandardEngine.startInternal 서버 엔진을 시작합니다: [Apache Tomcat/8.5.78]
11-May-2022 16:08:03.584 정보 [localhost-startStop-1] org.apache.catalina.startup.HostConfig.deployDirectory 웹 애플리케이션 디렉토리 [C:\eGovFrameDev-3.10.0-64bit\apache-tomcat-8.5.78\webapps\docs]을(를) 배치합니다.
11-May-2022 16:08:03.881 경고 [localhost-startStop-1] org.apache.catalina.util.SessionIdGeneratorBase.createSecureRandom [SHA1PRNG] 알고리즘을 사용하여, 세션 ID를 생성하기 위한 SecureRandom 객체를 생성하는데, [114] 밀리초가 소요됐습니다.
11-May-2022 16:08:03.902 정보 [localhost-startStop-1] org.apache.catalina.startup.HostConfig.deployDirectory 웹 애플리케이션 디렉토리 [C:\eGovFrameDev-3.10.0-64bit\apache-tomcat-8.5.78\webapps\docs]에 대한 배치가 [318] 밀리초에 완료되었습니다.
11-May-2022 16:08:03.905 정보 [localhost-startStop-1] org.apache.catalina.startup.HostConfig.deployDirectory 웹 애플리케이션 디렉토리 [C:\eGovFrameDev-3.10.0-64bit\apache-tomcat-8.5.78\webapps\examples]을(를) 배치합니다.
11-May-2022 16:08:04.208 정보 [localhost-startStop-1] org.apache.catalina.startup.HostConfig.deployDirectory 웹 애플리케이션 디렉토리 [C:\eGovFrameDev-3.10.0-64bit\apache-tomcat-8.5.78\webapps\examples]에 대한 배치가 [303] 밀리초에 완료되었습니다.
11-May-2022 16:08:04.210 정보 [localhost-startStop-1] org.apache.catalina.startup.HostConfig.deployDirectory 웹 애플리케이션 디렉토리 [C:\eGovFrameDev-3.10.0-64bit\apache-tomcat-8.5.78\webapps\host-manager]을(를) 배치합니다.
11-May-2022 16:08:04.238 정보 [localhost-startStop-1] org.apache.catalina.startup.HostConfig.deployDirectory 웹 애플리케이션 디렉토리 [C:\eGovFrameDev-3.10.0-64bit\apache-tomcat-8.5.78\webapps\host-manager]에 대한 배치가 [28] 밀리초에 완료되었습니다.
11-May-2022 16:08:04.239 정보 [localhost-startStop-1] org.apache.catalina.startup.HostConfig.deployDirectory 웹 애플리케이션 디렉토리 [C:\eGovFrameDev-3.10.0-64bit\apache-tomcat-8.5.78\webapps\manager]을(를) 배치합니다.
11-May-2022 16:08:04.261 정보 [localhost-startStop-1] org.apache.catalina.startup.HostConfig.deployDirectory 웹 애플리케이션 디렉토리 [C:\eGovFrameDev-3.10.0-64bit\apache-tomcat-8.5.78\webapps\manager]에 대한 배치가 [22] 밀리초에 완료되었습니다.
11-May-2022 16:08:04.263 정보 [localhost-startStop-1] org.apache.catalina.startup.HostConfig.deployDirectory 웹 애플리케이션 디렉토리 [C:\eGovFrameDev-3.10.0-64bit\apache-tomcat-8.5.78\webapps\ROOT]을(를) 배치합니다.
11-May-2022 16:08:04.280 정보 [localhost-startStop-1] org.apache.catalina.startup.HostConfig.deployDirectory 웹 애플리케이션 디렉토리 [C:\eGovFrameDev-3.10.0-64bit\apache-tomcat-8.5.78\webapps\ROOT]에 대한 배치가 [17] 밀리초에 완료되었습니다.
11-May-2022 16:08:04.283 정보 [main] org.apache.coyote.AbstractProtocol.start 프로토콜 핸들러 ["http-nio-8080"]을(를) 시작합니다.
11-May-2022 16:08:04.326 정보 [main] org.apache.catalina.startup.Catalina.start Server startup in 774 ms
11-May-2022 16:15:11.329 심각 [main] org.apache.catalina.startup.Catalina.stopServer [localhost:8005] (base 포트 [8005] 그리고 offset [0])와(과) 연결할 수 없었습니다. Tomcat이 실행 중이지 않을 수 있습니다.
11-May-2022 16:15:11.338 심각 [main] org.apache.catalina.startup.Catalina.stopServer Catalina를 중지시키는 중 오류 발생
	java.net.ConnectException: Connection refused: connect
		at java.net.DualStackPlainSocketImpl.connect0(Native Method)
		at java.net.DualStackPlainSocketImpl.socketConnect(DualStackPlainSocketImpl.java:79)
		at java.net.AbstractPlainSocketImpl.doConnect(AbstractPlainSocketImpl.java:350)
		at java.net.AbstractPlainSocketImpl.connectToAddress(AbstractPlainSocketImpl.java:206)
		at java.net.AbstractPlainSocketImpl.connect(AbstractPlainSocketImpl.java:188)
		at java.net.PlainSocketImpl.connect(PlainSocketImpl.java:172)
		at java.net.SocksSocketImpl.connect(SocksSocketImpl.java:392)
		at java.net.Socket.connect(Socket.java:606)
		at java.net.Socket.connect(Socket.java:555)
		at java.net.Socket.<init>(Socket.java:451)
		at java.net.Socket.<init>(Socket.java:228)
		at org.apache.catalina.startup.Catalina.stopServer(Catalina.java:511)
		at sun.reflect.NativeMethodAccessorImpl.invoke0(Native Method)
		at sun.reflect.NativeMethodAccessorImpl.invoke(NativeMethodAccessorImpl.java:62)
		at sun.reflect.DelegatingMethodAccessorImpl.invoke(DelegatingMethodAccessorImpl.java:43)
		at java.lang.reflect.Method.invoke(Method.java:498)
		at org.apache.catalina.startup.Bootstrap.stopServer(Bootstrap.java:391)
		at org.apache.catalina.startup.Bootstrap.main(Bootstrap.java:481)
